<?xml version="1.0" encoding="UTF-8"?>
<!-- Generated by org.testng.reporters.JUnitReportReporter -->
<testsuite hostname="HENRY-PC" failures="0" tests="1" name="testcases.ProductDetailsTest" time="13.641" errors="0" timestamp="2024-09-16T13:08:27 BST" skipped="0">
  <testcase classname="testcases.ProductDetailsTest" name="Verify_Display_Of_AddToBasket_And_BuyNow_Buttons" time="13.641"/>
  <system-out/>
</testsuite> <!-- testcases.ProductDetailsTest -->
