<?xml version="1.0" encoding="UTF-8"?>
<!-- Generated by org.testng.reporters.JUnitReportReporter -->
<testsuite hostname="HENRY-PC" failures="0" tests="1" name="testcases.TC_HP_009" time="2.460" errors="0" timestamp="2024-09-08T23:36:17 BST" skipped="0">
  <testcase classname="testcases.TC_HP_009" name="Verify_Products_Categories_On_Homepage" time="2.460"/>
  <system-out/>
</testsuite> <!-- testcases.TC_HP_009 -->
