<?xml version="1.0" encoding="UTF-8"?>
<!-- Generated by org.testng.reporters.JUnitReportReporter -->
<testsuite hostname="HENRY-PC" failures="0" tests="1" name="testcases.DisplayOfUsernameOnHomepage" time="2.440" errors="0" timestamp="2024-09-12T22:34:39 BST" skipped="0">
  <testcase classname="testcases.DisplayOfUsernameOnHomepage" name="Verify_Display_Of_Username_On_Homepage" time="2.440"/>
  <system-out/>
</testsuite> <!-- testcases.DisplayOfUsernameOnHomepage -->
