<?xml version="1.0" encoding="UTF-8"?>
<!-- Generated by org.testng.reporters.JUnitReportReporter -->
<testsuite hostname="HENRY-PC" failures="0" tests="1" name="testcases.TC_HP_004" time="2.409" errors="0" timestamp="2024-09-07T23:44:15 BST" skipped="0">
  <testcase classname="testcases.TC_HP_004" name="Verify_Display_Of_SearchFunctionality_On_Homepage" time="2.409"/>
  <system-out/>
</testsuite> <!-- testcases.TC_HP_004 -->
