<?xml version="1.0" encoding="UTF-8"?>
<!-- Generated by org.testng.reporters.JUnitReportReporter -->
<testsuite hostname="HENRY-PC" failures="0" tests="1" name="testcases.TC_HP_003" time="50.370" errors="0" timestamp="2024-09-07T22:15:22 BST" skipped="0">
  <testcase classname="testcases.TC_HP_003" name="Verify_Display_Of_FeaturedProducts_On_Homepage" time="50.370"/>
  <system-out/>
</testsuite> <!-- testcases.TC_HP_003 -->
