<?xml version="1.0" encoding="UTF-8"?>
<!-- Generated by org.testng.reporters.JUnitReportReporter -->
<testsuite hostname="HENRY-PC" failures="0" tests="1" name="testcases.TC_HP_002" time="2.225" errors="0" timestamp="2024-09-07T15:51:24 BST" skipped="0">
  <testcase classname="testcases.TC_HP_002" name="Verify_Display_Of_Username_On_Homepage" time="2.225"/>
  <system-out/>
</testsuite> <!-- testcases.TC_HP_002 -->
