<?xml version="1.0" encoding="UTF-8"?>
<!-- Generated by org.testng.reporters.JUnitReportReporter -->
<testsuite hostname="HENRY-PC" failures="0" tests="1" name="testcases.TC_SF_001" time="2.692" errors="0" timestamp="2024-09-09T01:06:22 BST" skipped="0">
  <testcase classname="testcases.TC_SF_001" name="Verify_Searchfield_Accepts_Alphabets_Numbers_Symbols" time="2.692"/>
  <system-out/>
</testsuite> <!-- testcases.TC_SF_001 -->
