<?xml version="1.0" encoding="UTF-8"?>
<!-- Generated by org.testng.reporters.JUnitReportReporter -->
<testsuite hostname="HENRY-PC" failures="0" tests="1" name="testcases.DisplayOfSearchFunctionalityOnHomepage" time="2.719" errors="0" timestamp="2024-09-12T22:40:12 BST" skipped="0">
  <testcase classname="testcases.DisplayOfSearchFunctionalityOnHomepage" name="Verify_Display_Of_SearchFunctionality_On_Homepage" time="2.719"/>
  <system-out/>
</testsuite> <!-- testcases.DisplayOfSearchFunctionalityOnHomepage -->
