<?xml version="1.0" encoding="UTF-8"?>
<!-- Generated by org.testng.reporters.JUnitReportReporter -->
<testsuite hostname="HENRY-PC" failures="0" tests="1" name="testcases.ProductSearchBasedOnSpecification" time="4.334" errors="0" timestamp="2024-09-12T23:21:52 BST" skipped="0">
  <testcase classname="testcases.ProductSearchBasedOnSpecification" name="Verify_Product_Search_Based_On_Specification" time="4.334"/>
  <system-out/>
</testsuite> <!-- testcases.ProductSearchBasedOnSpecification -->
