<?xml version="1.0" encoding="UTF-8"?>
<!-- Generated by org.testng.reporters.JUnitReportReporter -->
<testsuite hostname="HENRY-PC" failures="0" tests="1" name="testcases.PresenceOfNavigationButtons" time="4.357" errors="0" timestamp="2024-09-12T23:36:59 BST" skipped="0">
  <testcase classname="testcases.PresenceOfNavigationButtons" name="Verify_Presence_Of_Navigation_Buttons" time="4.357"/>
  <system-out/>
</testsuite> <!-- testcases.PresenceOfNavigationButtons -->
