<?xml version="1.0" encoding="UTF-8"?>
<!-- Generated by org.testng.reporters.JUnitReportReporter -->
<testsuite hostname="HENRY-PC" failures="0" tests="1" name="testcases.ProductOnHomepageIsClickable" time="52.853" errors="0" timestamp="2024-09-12T22:58:37 BST" skipped="0">
  <testcase classname="testcases.ProductOnHomepageIsClickable" name="Verify_Product_On_Homepage_Is_Clickable" time="52.853"/>
  <system-out/>
</testsuite> <!-- testcases.ProductOnHomepageIsClickable -->
