<?xml version="1.0" encoding="UTF-8"?>
<!-- Generated by org.testng.reporters.JUnitReportReporter -->
<testsuite hostname="HENRY-PC" failures="0" tests="1" name="testcases.PresenceOfLogoOnHomepage" time="2.588" errors="0" timestamp="2024-09-12T23:11:37 BST" skipped="0">
  <testcase classname="testcases.PresenceOfLogoOnHomepage" name="Verify_Presence_Of_Logo_On_Homepage" time="2.588"/>
  <system-out/>
</testsuite> <!-- testcases.PresenceOfLogoOnHomepage -->
