<?xml version="1.0" encoding="UTF-8"?>
<!-- Generated by org.testng.reporters.JUnitReportReporter -->
<testsuite hostname="HENRY-PC" failures="0" tests="1" name="testcases.TC_SF_007" time="5.129" errors="0" timestamp="2024-09-12T00:00:41 BST" skipped="0">
  <testcase classname="testcases.TC_SF_007" name="Verify_Presence_Of_Navigation_Buttons" time="5.129"/>
  <system-out/>
</testsuite> <!-- testcases.TC_SF_007 -->
