<?xml version="1.0" encoding="UTF-8"?>
<!-- Generated by org.testng.reporters.JUnitReportReporter -->
<testsuite hostname="HENRY-PC" failures="0" tests="1" name="testcases.TC_HP_007" time="15.178" errors="0" timestamp="2024-09-08T01:37:04 BST" skipped="0">
  <testcase classname="testcases.TC_HP_007" name="Verify_Product_On_Homepage_Is_Clickable" time="15.178"/>
  <system-out/>
</testsuite> <!-- testcases.TC_HP_007 -->
