<?xml version="1.0" encoding="UTF-8"?>
<!-- Generated by org.testng.reporters.JUnitReportReporter -->
<testsuite hostname="HENRY-PC" failures="0" tests="1" name="testcases.SearchInDifferentCategories" time="3.924" errors="0" timestamp="2024-09-12T23:40:21 BST" skipped="0">
  <testcase classname="testcases.SearchInDifferentCategories" name="Verify_Search_In_Different_Categories" time="3.924"/>
  <system-out/>
</testsuite> <!-- testcases.SearchInDifferentCategories -->
