<?xml version="1.0" encoding="UTF-8"?>
<!-- Generated by org.testng.reporters.JUnitReportReporter -->
<testsuite hostname="HENRY-PC" failures="0" tests="1" name="testcases.TC_SF_006" time="4.107" errors="0" timestamp="2024-09-11T23:07:59 BST" skipped="0">
  <testcase classname="testcases.TC_SF_006" name="Verify_Number_Of_Search_Results" time="4.107"/>
  <system-out/>
</testsuite> <!-- testcases.TC_SF_006 -->
