<?xml version="1.0" encoding="UTF-8"?>
<!-- Generated by org.testng.reporters.JUnitReportReporter -->
<testsuite hostname="HENRY-PC" failures="0" tests="1" name="testcases.ProductSearchResult" time="5.306" errors="0" timestamp="2024-09-12T23:19:51 BST" skipped="0">
  <testcase classname="testcases.ProductSearchResult" name="Verify_Product_Search_Result" time="5.306"/>
  <system-out/>
</testsuite> <!-- testcases.ProductSearchResult -->
