<?xml version="1.0" encoding="UTF-8"?>
<!-- Generated by org.testng.reporters.JUnitReportReporter -->
<testsuite hostname="HENRY-PC" failures="0" tests="1" name="testcases.FiltersAfterSearch" time="5.149" errors="0" timestamp="2024-09-12T23:23:33 BST" skipped="0">
  <testcase classname="testcases.FiltersAfterSearch" name="Verify_Filters_After_Search" time="5.149"/>
  <system-out/>
</testsuite> <!-- testcases.FiltersAfterSearch -->
