<?xml version="1.0" encoding="UTF-8"?>
<!-- Generated by org.testng.reporters.JUnitReportReporter -->
<testsuite hostname="HENRY-PC" failures="0" tests="1" name="testcases.DisplayOfHomepageAfterLogin" time="2.464" errors="0" timestamp="2024-09-12T22:27:51 BST" skipped="0">
  <testcase classname="testcases.DisplayOfHomepageAfterLogin" name="Verify_Display_Of_Homepage_AfterLogin" time="2.464"/>
  <system-out/>
</testsuite> <!-- testcases.DisplayOfHomepageAfterLogin -->
