<?xml version="1.0" encoding="UTF-8"?>
<!-- Generated by org.testng.reporters.JUnitReportReporter -->
<testsuite hostname="HENRY-PC" failures="0" tests="1" name="testcases.TC_SF_003" time="4.030" errors="0" timestamp="2024-09-09T23:16:50 BST" skipped="0">
  <testcase classname="testcases.TC_SF_003" name="Verify_Product_Search_Based_On_Specification" time="4.030"/>
  <system-out/>
</testsuite> <!-- testcases.TC_SF_003 -->
