<?xml version="1.0" encoding="UTF-8"?>
<!-- Generated by org.testng.reporters.JUnitReportReporter -->
<testsuite hostname="HENRY-PC" failures="0" tests="1" name="testcases.TC_SF_002" time="5.767" errors="0" timestamp="2024-09-09T22:58:25 BST" skipped="0">
  <testcase classname="testcases.TC_SF_002" name="Verify_Product_Search_Result" time="5.767"/>
  <system-out/>
</testsuite> <!-- testcases.TC_SF_002 -->
