<?xml version="1.0" encoding="UTF-8"?>
<!-- Generated by org.testng.reporters.JUnitReportReporter -->
<testsuite hostname="HENRY-PC" failures="0" tests="1" name="testcases.PresenceOfSortingOptionsAfterSearch" time="4.619" errors="0" timestamp="2024-09-12T23:34:30 BST" skipped="0">
  <testcase classname="testcases.PresenceOfSortingOptionsAfterSearch" name="Verify_Presence_Of_Sorting_Options_After_Search" time="4.619"/>
  <system-out/>
</testsuite> <!-- testcases.PresenceOfSortingOptionsAfterSearch -->
