<?xml version="1.0" encoding="UTF-8"?>
<!-- Generated by org.testng.reporters.JUnitReportReporter -->
<testsuite hostname="HENRY-PC" failures="0" tests="1" name="testcases.SearchTests" time="4.422" errors="0" timestamp="2024-09-14T19:08:39 BST" skipped="0">
  <testcase classname="testcases.SearchTests" name="Verify_Search_In_Different_Categories" time="4.422"/>
  <system-out/>
</testsuite> <!-- testcases.SearchTests -->
