<?xml version="1.0" encoding="UTF-8"?>
<!-- Generated by org.testng.reporters.JUnitReportReporter -->
<testsuite hostname="HENRY-PC" failures="0" tests="1" name="testcases.SearchfieldAcceptsAlphabetsNumbersSymbols" time="2.914" errors="0" timestamp="2024-09-12T23:19:51 BST" skipped="0">
  <testcase classname="testcases.SearchfieldAcceptsAlphabetsNumbersSymbols" name="Verify_Searchfield_Accepts_Alphabets_Numbers_Symbols" time="2.914"/>
  <system-out/>
</testsuite> <!-- testcases.SearchfieldAcceptsAlphabetsNumbersSymbols -->
