<?xml version="1.0" encoding="UTF-8"?>
<!-- Generated by org.testng.reporters.JUnitReportReporter -->
<testsuite hostname="HENRY-PC" failures="0" tests="1" name="testcases.TC_SF_005" time="4.626" errors="0" timestamp="2024-09-10T01:26:13 BST" skipped="0">
  <testcase classname="testcases.TC_SF_005" name="Verify_Filters_After_Search" time="4.626"/>
  <system-out/>
</testsuite> <!-- testcases.TC_SF_005 -->
