<?xml version="1.0" encoding="UTF-8"?>
<!-- Generated by org.testng.reporters.JUnitReportReporter -->
<testsuite hostname="HENRY-PC" failures="0" tests="1" name="testcases.DisplayOfSpecificNumberOfSearchResults" time="4.252" errors="0" timestamp="2024-09-12T23:36:59 BST" skipped="0">
  <testcase classname="testcases.DisplayOfSpecificNumberOfSearchResults" name="Verify_Display_Of_Specific_Number_Of_Search_Results" time="4.252"/>
  <system-out/>
</testsuite> <!-- testcases.DisplayOfSpecificNumberOfSearchResults -->
