<?xml version="1.0" encoding="UTF-8"?>
<!-- Generated by org.testng.reporters.JUnitReportReporter -->
<testsuite hostname="HENRY-PC" failures="0" tests="1" name="testcases.ProductsCategoriesOnHomepage" time="2.805" errors="0" timestamp="2024-09-12T23:07:27 BST" skipped="0">
  <testcase classname="testcases.ProductsCategoriesOnHomepage" name="Verify_Products_Categories_On_Homepage" time="2.805"/>
  <system-out/>
</testsuite> <!-- testcases.ProductsCategoriesOnHomepage -->
