<?xml version="1.0" encoding="UTF-8"?>
<!-- Generated by org.testng.reporters.JUnitReportReporter -->
<testsuite hostname="HENRY-PC" failures="0" tests="1" name="testcases.PresenceOfFiltersAfterSearch" time="4.705" errors="0" timestamp="2024-09-12T23:26:15 BST" skipped="0">
  <testcase classname="testcases.PresenceOfFiltersAfterSearch" name="Verify_Presence_Of_Filters_After_Search" time="4.705"/>
  <system-out/>
</testsuite> <!-- testcases.PresenceOfFiltersAfterSearch -->
