<?xml version="1.0" encoding="UTF-8"?>
<!-- Generated by org.testng.reporters.JUnitReportReporter -->
<testsuite hostname="HENRY-PC" failures="0" tests="1" name="testcases.DisplayOfUserProfileSectionOnHomepage" time="3.076" errors="0" timestamp="2024-09-12T23:04:36 BST" skipped="0">
  <testcase classname="testcases.DisplayOfUserProfileSectionOnHomepage" name="Verify_Display_Of_User_Profile_Section_On_Homepage" time="3.076"/>
  <system-out/>
</testsuite> <!-- testcases.DisplayOfUserProfileSectionOnHomepage -->
