<?xml version="1.0" encoding="UTF-8"?>
<!-- Generated by org.testng.reporters.JUnitReportReporter -->
<testsuite hostname="HENRY-PC" failures="0" tests="1" name="testcases.TC_HP_001" time="2.221" errors="0" timestamp="2024-09-07T15:41:52 BST" skipped="0">
  <testcase classname="testcases.TC_HP_001" name="Verify_Display_Of_Homepage_AfterLogin" time="2.221"/>
  <system-out/>
</testsuite> <!-- testcases.TC_HP_001 -->
