<?xml version="1.0" encoding="UTF-8"?>
<!-- Generated by org.testng.reporters.JUnitReportReporter -->
<testsuite hostname="HENRY-PC" failures="0" tests="1" name="testcases.DisplayOfSameHomepageOnDifferentBrowsers" time="2.436" errors="0" timestamp="2024-09-12T22:47:19 BST" skipped="0">
  <testcase classname="testcases.DisplayOfSameHomepageOnDifferentBrowsers" name="Verify_Display_Of_Same_Homepage_On_Different_Browsers" time="2.436"/>
  <system-out/>
</testsuite> <!-- testcases.DisplayOfSameHomepageOnDifferentBrowsers -->
