<?xml version="1.0" encoding="UTF-8"?>
<!-- Generated by org.testng.reporters.JUnitReportReporter -->
<testsuite hostname="HENRY-PC" failures="0" tests="8" name="testcases.CartPageTest" time="23.473" errors="0" timestamp="2024-09-23T06:00:55 BST" skipped="7">
  <testcase classname="testcases.CartPageTest" name="Verify_Presence_Of_Item_in_Cart_When_User_Logout_And_Login_Again" time="23.473"/>
  <system-out/>
  <testcase classname="testcases.CartPageTest" name="Verify_Inclusion_Of_VAT_And_Shippingcharges_In_Total_Amount">
    <skipped/>
  </testcase> <!-- Verify_Inclusion_Of_VAT_And_Shippingcharges_In_Total_Amount -->
  <system-out/>
  <testcase classname="testcases.CartPageTest" name="Verify_User_Cannot_Add_Item_Beyond_Certain_Limit">
    <skipped/>
  </testcase> <!-- Verify_User_Cannot_Add_Item_Beyond_Certain_Limit -->
  <system-out/>
  <testcase classname="testcases.CartPageTest" name="Verify_Total_Amount_Of_Item_In_The_Cart">
    <skipped/>
  </testcase> <!-- Verify_Total_Amount_Of_Item_In_The_Cart -->
  <system-out/>
  <testcase classname="testcases.CartPageTest" name="Verify_User_Continues_Shopping_After_Adding_Product_To_Cart">
    <skipped/>
  </testcase> <!-- Verify_User_Continues_Shopping_After_Adding_Product_To_Cart -->
  <system-out/>
  <testcase classname="testcases.CartPageTest" name="Verify_Adding_Product_To_Cart">
    <skipped/>
  </testcase> <!-- Verify_Adding_Product_To_Cart -->
  <system-out/>
  <testcase classname="testcases.CartPageTest" name="Verify_User_Can_Increase_Product_Quantity">
    <skipped/>
  </testcase> <!-- Verify_User_Can_Increase_Product_Quantity -->
  <system-out/>
  <testcase classname="testcases.CartPageTest" name="Verify_User_Can_Remove_Item_From_Cart">
    <skipped/>
  </testcase> <!-- Verify_User_Can_Remove_Item_From_Cart -->
  <system-out/>
</testsuite> <!-- testcases.CartPageTest -->
