<?xml version="1.0" encoding="UTF-8"?>
<!-- Generated by org.testng.reporters.JUnitReportReporter -->
<testsuite hostname="HENRY-PC" failures="0" tests="1" name="testcases.TC_SF_007" time="27.762" errors="0" timestamp="2024-09-11T23:12:55 BST" skipped="0">
  <testcase classname="testcases.TC_SF_007" name="Verify_Presence_Of_Navigation_Buttons" time="27.762"/>
  <system-out/>
</testsuite> <!-- testcases.TC_SF_007 -->
