<?xml version="1.0" encoding="UTF-8"?>
<!-- Generated by org.testng.reporters.JUnitReportReporter -->
<testsuite hostname="HENRY-PC" failures="0" tests="1" name="testcases.TC_HP_005" time="2.050" errors="0" timestamp="2024-09-08T00:10:20 BST" skipped="0">
  <testcase classname="testcases.TC_HP_005" name="Verify_Display_Of_Same_Homepage_On_Different_Browsers" time="2.050"/>
  <system-out/>
</testsuite> <!-- testcases.TC_HP_005 -->
