<?xml version="1.0" encoding="UTF-8"?>
<!-- Generated by org.testng.reporters.JUnitReportReporter -->
<testsuite hostname="HENRY-PC" failures="0" tests="1" name="testcases.TC_SF_004" time="5.064" errors="0" timestamp="2024-09-10T00:16:15 BST" skipped="0">
  <testcase classname="testcases.TC_SF_004" name="Verify_Filters_After_Search" time="5.064"/>
  <system-out/>
</testsuite> <!-- testcases.TC_SF_004 -->
