<?xml version="1.0" encoding="UTF-8"?>
<!-- Generated by org.testng.reporters.JUnitReportReporter -->
<testsuite hostname="HENRY-PC" failures="0" tests="1" name="testcases.TC_HP_001" time="2.069" errors="0" timestamp="2024-09-07T15:18:15 BST" skipped="0">
  <testcase classname="testcases.TC_HP_001" name="VerifyDisplayOfHomepageAfterLogin" time="2.069"/>
  <system-out/>
</testsuite> <!-- testcases.TC_HP_001 -->
