<?xml version="1.0" encoding="UTF-8"?>
<!-- Generated by org.testng.reporters.JUnitReportReporter -->
<testsuite hostname="HENRY-PC" failures="0" tests="1" name="testcases.DisplayOfHomepageAfterLogin" time="2.801" errors="0" timestamp="2024-09-07T07:03:31 BST" skipped="0">
  <testcase classname="testcases.DisplayOfHomepageAfterLogin" name="VerifyDisplayOfHomepageAfterLogin" time="2.801"/>
  <system-out/>
</testsuite> <!-- testcases.DisplayOfHomepageAfterLogin -->
