<?xml version="1.0" encoding="UTF-8"?>
<!-- Generated by org.testng.reporters.JUnitReportReporter -->
<testsuite hostname="HENRY-PC" failures="0" tests="1" name="testcases.TC_HP_008" time="2.664" errors="0" timestamp="2024-09-08T22:42:26 BST" skipped="0">
  <testcase classname="testcases.TC_HP_008" name="Verify_Display_Of_User_Profile_Section_On_Homepage" time="2.664"/>
  <system-out/>
</testsuite> <!-- testcases.TC_HP_008 -->
