<?xml version="1.0" encoding="UTF-8"?>
<!-- Generated by org.testng.reporters.JUnitReportReporter -->
<testsuite hostname="HENRY-PC" failures="0" tests="1" name="testcases.HomePageTests" time="2.811" errors="0" timestamp="2024-09-14T18:28:38 BST" skipped="0">
  <testcase classname="testcases.HomePageTests" name="Verify_Products_Categories_On_Homepage" time="2.811"/>
  <system-out/>
</testsuite> <!-- testcases.HomePageTests -->
