<?xml version="1.0" encoding="UTF-8"?>
<!-- Generated by org.testng.reporters.JUnitReportReporter -->
<testsuite hostname="HENRY-PC" failures="0" tests="1" name="testcases.ProductDetailsTest" time="22.292" errors="0" timestamp="2024-09-16T01:04:23 BST" skipped="0">
  <testcase classname="testcases.ProductDetailsTest" name="Verify_Display_Of_Related_Products" time="22.292"/>
  <system-out/>
</testsuite> <!-- testcases.ProductDetailsTest -->
