<?xml version="1.0" encoding="UTF-8"?>
<!-- Generated by org.testng.reporters.JUnitReportReporter -->
<testsuite hostname="HENRY-PC" failures="0" tests="1" name="testcases.TC_SF_008" time="4.234" errors="0" timestamp="2024-09-12T00:19:42 BST" skipped="0">
  <testcase classname="testcases.TC_SF_008" name="Verify_Search_In_Different_Categories" time="4.234"/>
  <system-out/>
</testsuite> <!-- testcases.TC_SF_008 -->
