<?xml version="1.0" encoding="UTF-8"?>
<!-- Generated by org.testng.reporters.JUnitReportReporter -->
<testsuite hostname="HENRY-PC" failures="0" tests="1" name="testcases.TC_SF_002" time="4.182" errors="0" timestamp="2024-09-09T22:14:13 BST" skipped="0">
  <testcase classname="testcases.TC_SF_002" name="Verify_Search_Result" time="4.182"/>
  <system-out/>
</testsuite> <!-- testcases.TC_SF_002 -->
