<?xml version="1.0" encoding="UTF-8"?>
<!-- Generated by org.testng.reporters.JUnitReportReporter -->
<testsuite hostname="HENRY-PC" failures="0" tests="1" name="testcases.DisplayOfProductImages" time="14.166" errors="0" timestamp="2024-09-14T12:22:32 BST" skipped="0">
  <testcase classname="testcases.DisplayOfProductImages" name="Verify_Display_Of_Product_Images" time="14.166"/>
  <system-out/>
</testsuite> <!-- testcases.DisplayOfProductImages -->
