<?xml version="1.0" encoding="UTF-8"?>
<!-- Generated by org.testng.reporters.JUnitReportReporter -->
<testsuite hostname="HENRY-PC" failures="0" tests="1" name="testcases.TC_HP_010" time="2.591" errors="0" timestamp="2024-09-08T23:59:19 BST" skipped="0">
  <testcase classname="testcases.TC_HP_010" name="Verify_Presence_Of_Logo_On_Homepage" time="2.591"/>
  <system-out/>
</testsuite> <!-- testcases.TC_HP_010 -->
